<?xml version="1.0" encoding="UTF-8"?>
<!-- Generated by org.testng.reporters.JUnitReportReporter -->
<testsuite skipped="0" hostname="ITLCPU706" name="com.qa.apim_automation.Testclass" tests="1" failures="0" timestamp="2021-05-28T10:59:44 IST" time="2.800" errors="0">
  <testcase name="loginpage_test" time="2.800" classname="com.qa.apim_automation.Testclass"/>
  <system-out/>
</testsuite> <!-- com.qa.apim_automation.Testclass -->
