<?xml version="1.0" encoding="UTF-8"?>
<!-- Generated by org.testng.reporters.JUnitReportReporter -->
<testsuite hostname="DESKTOP-NTJLUCN" failures="0" tests="1" name="com.qa.testclass.SearchProductTestPage" time="3.414" errors="0" timestamp="2021-08-12T14:38:40 IST" skipped="0">
  <testcase classname="com.qa.testclass.SearchProductTestPage" name="searchProduct" time="3.414"/>
  <system-out/>
</testsuite> <!-- com.qa.testclass.SearchProductTestPage -->
