<?xml version="1.0" encoding="UTF-8"?>
<!-- Generated by org.testng.reporters.JUnitReportReporter -->
<testsuite hostname="ITLCPU706" failures="0" tests="1" name="com.qa.apim_automation.APIMChannelPageTest" time="30.311" errors="0" timestamp="2021-07-22T12:06:27 IST" skipped="0">
  <testcase classname="com.qa.apim_automation.APIMChannelPageTest" name="apim_channel_pagetest" time="30.311"/>
  <system-out/>
</testsuite> <!-- com.qa.apim_automation.APIMChannelPageTest -->
