<?xml version="1.0" encoding="UTF-8"?>
<!-- Generated by org.testng.reporters.JUnitReportReporter -->
<testsuite skipped="0" hostname="ITLCPU706" name="com.qa.apim_automation.BankProductPageTest" tests="1" failures="0" timestamp="2021-06-09T17:46:40 IST" time="0.002" errors="0">
  <testcase name="bank_product_page_main" time="0.002" classname="com.qa.apim_automation.BankProductPageTest"/>
  <system-out/>
</testsuite> <!-- com.qa.apim_automation.BankProductPageTest -->
